<?xml version="1.0" encoding="UTF-8"?>
<!-- Generated by org.testng.reporters.JUnitXMLReporter -->
<testsuite ignored="0" hostname="MacBook-Air-Kasin.local" failures="0" tests="4" name="Surefire test" time="56.171" errors="0" timestamp="02 дек. 2022 06:43:32 GMT">
  <testcase classname="todoAndroid" name="auth_invalid" time="18.548"/>
  <testcase classname="todoAndroid" name="auth_not_filled_login" time="11.738"/>
  <testcase classname="todoAndroid" name="auth_not_filled_pass" time="11.975"/>
  <testcase classname="todoAndroid" name="auth_valid" time="13.815"/>
</testsuite> <!-- Surefire test -->
