<?xml version="1.0" encoding="UTF-8"?>
<testng-results ignored="0" total="4" passed="4" failed="0" skipped="0">
  <reporter-output>
  </reporter-output>
  <suite started-at="2022-12-02T06:42:35Z" name="Surefire suite" finished-at="2022-12-02T06:43:32Z" duration-ms="56171">
    <groups>
    </groups>
    <test started-at="2022-12-02T06:42:35Z" name="Surefire test" finished-at="2022-12-02T06:43:32Z" duration-ms="56171">
      <class name="todoAndroid">
        <test-method signature="auth_invalid()[pri:0, instance:todoAndroid@5432050b]" started-at="2022-12-02T06:42:35Z" name="auth_invalid" finished-at="2022-12-02T06:42:54Z" duration-ms="18548" status="PASS">
          <reporter-output>
          </reporter-output>
        </test-method> <!-- auth_invalid -->
        <test-method signature="auth_not_filled_login()[pri:0, instance:todoAndroid@5432050b]" started-at="2022-12-02T06:42:54Z" name="auth_not_filled_login" finished-at="2022-12-02T06:43:06Z" duration-ms="11738" status="PASS">
          <reporter-output>
          </reporter-output>
        </test-method> <!-- auth_not_filled_login -->
        <test-method signature="auth_not_filled_pass()[pri:0, instance:todoAndroid@5432050b]" started-at="2022-12-02T06:43:06Z" name="auth_not_filled_pass" finished-at="2022-12-02T06:43:18Z" duration-ms="11975" status="PASS">
          <reporter-output>
          </reporter-output>
        </test-method> <!-- auth_not_filled_pass -->
        <test-method signature="auth_valid()[pri:0, instance:todoAndroid@5432050b]" started-at="2022-12-02T06:43:18Z" name="auth_valid" finished-at="2022-12-02T06:43:32Z" duration-ms="13815" status="PASS">
          <reporter-output>
          </reporter-output>
        </test-method> <!-- auth_valid -->
      </class> <!-- todoAndroid -->
    </test> <!-- Surefire test -->
  </suite> <!-- Surefire suite -->
</testng-results>
