<?xml version="1.0" encoding="UTF-8"?>
<testsuite xmlns:xsi="http://www.w3.org/2001/XMLSchema-instance" xsi:noNamespaceSchemaLocation="https://maven.apache.org/surefire/maven-surefire-plugin/xsd/surefire-test-report-3.0.xsd" version="3.0" name="todoAndroid" time="56.729" tests="4" errors="0" skipped="0" failures="0">
  <properties>
[...]
</properties>
  <testcase name="auth_invalid" classname="todoAndroid" time="18.396">
    <system-out><![CDATA[я родился
]]></system-out>
    <system-err><![CDATA[SLF4J: Failed to load class "org.slf4j.impl.StaticLoggerBinder".
SLF4J: Defaulting to no-operation (NOP) logger implementation
SLF4J: See http://www.slf4j.org/codes.html#StaticLoggerBinder for further details.
дек. 02, 2022 12:42:45 PM io.appium.java_client.remote.AppiumCommandExecutor$1 lambda$0
INFO: Detected dialect: W3C
]]></system-err>
  </testcase>
  <testcase name="auth_not_filled_login" classname="todoAndroid" time="11.743">
    <system-out><![CDATA[я родился
]]></system-out>
    <system-err><![CDATA[дек. 02, 2022 12:43:01 PM io.appium.java_client.remote.AppiumCommandExecutor$1 lambda$0
INFO: Detected dialect: W3C
]]></system-err>
  </testcase>
  <testcase name="auth_not_filled_pass" classname="todoAndroid" time="11.98">
    <system-out><![CDATA[я родился
]]></system-out>
    <system-err><![CDATA[дек. 02, 2022 12:43:13 PM io.appium.java_client.remote.AppiumCommandExecutor$1 lambda$0
INFO: Detected dialect: W3C
]]></system-err>
  </testcase>
  <testcase name="auth_valid" classname="todoAndroid" time="13.813">
    <system-out><![CDATA[я родился
]]></system-out>
    <system-err><![CDATA[дек. 02, 2022 12:43:25 PM io.appium.java_client.remote.AppiumCommandExecutor$1 lambda$0
INFO: Detected dialect: W3C
]]></system-err>
  </testcase>
</testsuite>